0 verbose cli C:\Program Files\nodejs\node.exe C:\Program Files\nodejs\node_modules\npm\bin\npm-cli.js
1 info using npm@10.9.2
2 info using node@v22.17.0
3 silly config load:file:C:\Program Files\nodejs\node_modules\npm\npmrc
4 silly config load:file:C:\Users\user\Documents\Project\yosobase\.npmrc
5 silly config load:file:C:\Users\user\.npmrc
6 silly config load:file:C:\Users\user\AppData\Roaming\npm\etc\npmrc
7 verbose title npm install cheerio
8 verbose argv "install" "cheerio" "--cache" ".npm-cache"
9 verbose logfile logs-max:10 dir:C:\Users\user\Documents\Project\yosobase\.npm-cache\_logs\2026-02-27T15_15_58_529Z-
10 verbose logfile C:\Users\user\Documents\Project\yosobase\.npm-cache\_logs\2026-02-27T15_15_58_529Z-debug-0.log
11 silly logfile done cleaning log files
12 silly packumentCache heap:4345298944 maxSize:1086324736 maxEntrySize:543162368
13 silly idealTree buildDeps
14 silly fetch manifest cheerio@*
15 silly packumentCache full:https://registry.npmjs.org/cheerio cache-miss
16 http fetch GET 200 https://registry.npmjs.org/cheerio 248ms (cache miss)
17 silly packumentCache full:https://registry.npmjs.org/cheerio set size:undefined disposed:false
18 silly placeDep ROOT cheerio@1.2.0 OK for: yosobase@0.1.0 want: *
19 silly fetch manifest parse5@^7.3.0
20 silly packumentCache full:https://registry.npmjs.org/parse5 cache-miss
21 silly fetch manifest undici@^7.19.0
22 silly packumentCache full:https://registry.npmjs.org/undici cache-miss
23 silly fetch manifest domutils@^3.2.2
24 silly packumentCache full:https://registry.npmjs.org/domutils cache-miss
25 silly fetch manifest domhandler@^5.0.3
26 silly packumentCache full:https://registry.npmjs.org/domhandler cache-miss
27 silly fetch manifest htmlparser2@^10.1.0
28 silly packumentCache full:https://registry.npmjs.org/htmlparser2 cache-miss
29 silly fetch manifest cheerio-select@^2.1.0
30 silly packumentCache full:https://registry.npmjs.org/cheerio-select cache-miss
31 silly fetch manifest dom-serializer@^2.0.0
32 silly packumentCache full:https://registry.npmjs.org/dom-serializer cache-miss
33 silly fetch manifest whatwg-mimetype@^4.0.0
34 silly packumentCache full:https://registry.npmjs.org/whatwg-mimetype cache-miss
35 silly fetch manifest encoding-sniffer@^0.2.1
36 silly packumentCache full:https://registry.npmjs.org/encoding-sniffer cache-miss
37 silly fetch manifest parse5-parser-stream@^7.1.2
38 silly packumentCache full:https://registry.npmjs.org/parse5-parser-stream cache-miss
39 silly fetch manifest parse5-htmlparser2-tree-adapter@^7.1.0
40 silly packumentCache full:https://registry.npmjs.org/parse5-htmlparser2-tree-adapter cache-miss
41 http fetch GET 200 https://registry.npmjs.org/parse5 44ms (cache miss)
42 silly packumentCache full:https://registry.npmjs.org/parse5 set size:undefined disposed:false
43 http fetch GET 200 https://registry.npmjs.org/htmlparser2 106ms (cache miss)
44 silly packumentCache full:https://registry.npmjs.org/htmlparser2 set size:undefined disposed:false
45 http fetch GET 200 https://registry.npmjs.org/whatwg-mimetype 109ms (cache miss)
46 silly packumentCache full:https://registry.npmjs.org/whatwg-mimetype set size:undefined disposed:false
47 http fetch GET 200 https://registry.npmjs.org/domhandler 112ms (cache miss)
48 silly packumentCache full:https://registry.npmjs.org/domhandler set size:undefined disposed:false
49 http fetch GET 200 https://registry.npmjs.org/dom-serializer 116ms (cache miss)
50 silly packumentCache full:https://registry.npmjs.org/dom-serializer set size:undefined disposed:false
51 http fetch GET 200 https://registry.npmjs.org/parse5-htmlparser2-tree-adapter 124ms (cache miss)
52 silly packumentCache full:https://registry.npmjs.org/parse5-htmlparser2-tree-adapter set size:undefined disposed:false
53 http fetch GET 200 https://registry.npmjs.org/domutils 126ms (cache miss)
54 silly packumentCache full:https://registry.npmjs.org/domutils set size:undefined disposed:false
55 http fetch GET 200 https://registry.npmjs.org/undici 130ms (cache miss)
56 silly packumentCache full:https://registry.npmjs.org/undici set size:undefined disposed:false
57 http fetch GET 200 https://registry.npmjs.org/parse5-parser-stream 232ms (cache miss)
58 silly packumentCache full:https://registry.npmjs.org/parse5-parser-stream set size:undefined disposed:false
59 http fetch GET 200 https://registry.npmjs.org/encoding-sniffer 444ms (cache miss)
60 silly packumentCache full:https://registry.npmjs.org/encoding-sniffer set size:undefined disposed:false
61 http fetch GET 200 https://registry.npmjs.org/cheerio-select 474ms (cache miss)
62 silly packumentCache full:https://registry.npmjs.org/cheerio-select set size:undefined disposed:false
63 silly placeDep ROOT cheerio-select@2.1.0 OK for: cheerio@1.2.0 want: ^2.1.0
64 silly placeDep ROOT dom-serializer@2.0.0 OK for: cheerio@1.2.0 want: ^2.0.0
65 silly placeDep ROOT domhandler@5.0.3 OK for: cheerio@1.2.0 want: ^5.0.3
66 silly placeDep ROOT domutils@3.2.2 OK for: cheerio@1.2.0 want: ^3.2.2
67 silly placeDep ROOT encoding-sniffer@0.2.1 OK for: cheerio@1.2.0 want: ^0.2.1
68 silly placeDep ROOT htmlparser2@10.1.0 OK for: cheerio@1.2.0 want: ^10.1.0
69 silly placeDep ROOT parse5@7.3.0 OK for: cheerio@1.2.0 want: ^7.3.0
70 silly placeDep ROOT parse5-htmlparser2-tree-adapter@7.1.0 OK for: cheerio@1.2.0 want: ^7.1.0
71 silly placeDep ROOT parse5-parser-stream@7.1.2 OK for: cheerio@1.2.0 want: ^7.1.2
72 silly placeDep ROOT undici@7.22.0 OK for: cheerio@1.2.0 want: ^7.19.0
73 silly placeDep ROOT whatwg-mimetype@4.0.0 OK for: cheerio@1.2.0 want: ^4.0.0
74 silly fetch manifest boolbase@^1.0.0
75 silly packumentCache full:https://registry.npmjs.org/boolbase cache-miss
76 silly fetch manifest css-what@^6.1.0
77 silly packumentCache full:https://registry.npmjs.org/css-what cache-miss
78 silly fetch manifest domutils@^3.0.1
79 silly packumentCache full:https://registry.npmjs.org/domutils cache-miss
80 silly fetch manifest css-select@^5.1.0
81 silly packumentCache full:https://registry.npmjs.org/css-select cache-miss
82 silly fetch manifest domelementtype@^2.3.0
83 silly packumentCache full:https://registry.npmjs.org/domelementtype cache-miss
84 silly fetch manifest entities@^4.2.0
85 silly packumentCache full:https://registry.npmjs.org/entities cache-miss
86 silly fetch manifest domhandler@^5.0.2
87 silly packumentCache full:https://registry.npmjs.org/domhandler cache-miss
88 silly fetch manifest domelementtype@^2.3.0
89 silly packumentCache full:https://registry.npmjs.org/domelementtype cache-miss
90 silly fetch manifest domelementtype@^2.3.0
91 silly packumentCache full:https://registry.npmjs.org/domelementtype cache-miss
92 silly fetch manifest domelementtype@^2.3.0
93 silly packumentCache full:https://registry.npmjs.org/domelementtype cache-miss
94 silly fetch manifest iconv-lite@^0.6.3
95 silly packumentCache full:https://registry.npmjs.org/iconv-lite cache-miss
96 silly fetch manifest whatwg-encoding@^3.1.1
97 silly packumentCache full:https://registry.npmjs.org/whatwg-encoding cache-miss
98 silly fetch manifest entities@^7.0.1
99 silly packumentCache full:https://registry.npmjs.org/entities cache-miss
100 silly fetch manifest domelementtype@^2.3.0
101 silly packumentCache full:https://registry.npmjs.org/domelementtype cache-miss
102 silly fetch manifest entities@^6.0.0
103 silly packumentCache full:https://registry.npmjs.org/entities cache-miss
104 http cache https://registry.npmjs.org/domutils 9ms (cache hit)
105 silly packumentCache full:https://registry.npmjs.org/domutils set size:102772 disposed:false
106 http cache https://registry.npmjs.org/domhandler 10ms (cache hit)
107 silly packumentCache full:https://registry.npmjs.org/domhandler set size:73300 disposed:false
108 http fetch GET 200 https://registry.npmjs.org/boolbase 47ms (cache miss)
109 silly packumentCache full:https://registry.npmjs.org/boolbase set size:undefined disposed:false
110 http fetch GET 200 https://registry.npmjs.org/whatwg-encoding 47ms (cache miss)
111 silly packumentCache full:https://registry.npmjs.org/whatwg-encoding set size:undefined disposed:false
112 http fetch GET 200 https://registry.npmjs.org/entities 49ms (cache miss)
113 silly packumentCache full:https://registry.npmjs.org/entities set size:undefined disposed:false
114 http fetch GET 200 https://registry.npmjs.org/domelementtype 51ms (cache miss)
115 silly packumentCache full:https://registry.npmjs.org/domelementtype set size:undefined disposed:false
116 http fetch GET 200 https://registry.npmjs.org/domelementtype 52ms (cache miss)
117 silly packumentCache full:https://registry.npmjs.org/domelementtype set size:undefined disposed:false
118 http fetch GET 200 https://registry.npmjs.org/domelementtype 52ms (cache miss)
119 silly packumentCache full:https://registry.npmjs.org/domelementtype set size:undefined disposed:false
120 http fetch GET 200 https://registry.npmjs.org/css-select 55ms (cache miss)
121 silly packumentCache full:https://registry.npmjs.org/css-select set size:undefined disposed:false
122 http fetch GET 200 https://registry.npmjs.org/entities 57ms (cache miss)
123 silly packumentCache full:https://registry.npmjs.org/entities set size:undefined disposed:false
124 http fetch GET 200 https://registry.npmjs.org/domelementtype 59ms (cache miss)
125 silly packumentCache full:https://registry.npmjs.org/domelementtype set size:undefined disposed:false
126 http fetch GET 200 https://registry.npmjs.org/css-what 59ms (cache miss)
127 silly packumentCache full:https://registry.npmjs.org/css-what set size:undefined disposed:false
128 http fetch GET 200 https://registry.npmjs.org/iconv-lite 61ms (cache miss)
129 silly packumentCache full:https://registry.npmjs.org/iconv-lite set size:undefined disposed:false
130 http fetch GET 200 https://registry.npmjs.org/domelementtype 101ms (cache miss)
131 silly packumentCache full:https://registry.npmjs.org/domelementtype set size:undefined disposed:false
132 http fetch GET 200 https://registry.npmjs.org/entities 102ms (cache miss)
133 silly packumentCache full:https://registry.npmjs.org/entities set size:undefined disposed:false
134 silly placeDep ROOT boolbase@1.0.0 OK for: cheerio-select@2.1.0 want: ^1.0.0
135 silly placeDep ROOT css-select@5.2.2 OK for: cheerio-select@2.1.0 want: ^5.1.0
136 silly placeDep ROOT css-what@6.2.2 OK for: cheerio-select@2.1.0 want: ^6.1.0
137 silly placeDep ROOT domelementtype@2.3.0 OK for: cheerio-select@2.1.0 want: ^2.3.0
138 silly fetch manifest nth-check@^2.0.1
139 silly packumentCache full:https://registry.npmjs.org/nth-check cache-miss
140 http fetch GET 200 https://registry.npmjs.org/nth-check 34ms (cache miss)
141 silly packumentCache full:https://registry.npmjs.org/nth-check set size:undefined disposed:false
142 silly placeDep ROOT nth-check@2.1.1 OK for: css-select@5.2.2 want: ^2.0.1
143 silly placeDep ROOT entities@4.5.0 OK for: dom-serializer@2.0.0 want: ^4.2.0
144 silly placeDep ROOT iconv-lite@0.6.3 OK for: encoding-sniffer@0.2.1 want: ^0.6.3
145 silly placeDep ROOT whatwg-encoding@3.1.1 OK for: encoding-sniffer@0.2.1 want: ^3.1.1
146 silly fetch manifest safer-buffer@>= 2.1.2 < 3.0.0
147 silly packumentCache full:https://registry.npmjs.org/safer-buffer cache-miss
148 http fetch GET 200 https://registry.npmjs.org/safer-buffer 33ms (cache miss)
149 silly packumentCache full:https://registry.npmjs.org/safer-buffer set size:undefined disposed:false
150 silly placeDep node_modules/htmlparser2 entities@7.0.1 OK for: htmlparser2@10.1.0 want: ^7.0.1
151 silly placeDep ROOT safer-buffer@2.1.2 OK for: iconv-lite@0.6.3 want: >= 2.1.2 < 3.0.0
152 silly placeDep node_modules/parse5 entities@6.0.1 OK for: parse5@7.3.0 want: ^6.0.0
153 silly reify moves {}
154 silly audit bulk request {
154 silly audit   '@emnapi/core': [ '1.8.1' ],
154 silly audit   '@emnapi/runtime': [ '1.8.1' ],
154 silly audit   '@emnapi/wasi-threads': [ '1.1.0' ],
154 silly audit   '@eslint-community/eslint-utils': [ '4.9.1' ],
154 silly audit   'eslint-visitor-keys': [ '3.4.3', '5.0.1', '4.2.1' ],
154 silly audit   '@eslint-community/regexpp': [ '4.12.2' ],
154 silly audit   '@eslint/config-array': [ '0.21.1' ],
154 silly audit   '@eslint/config-helpers': [ '0.4.2' ],
154 silly audit   '@eslint/core': [ '0.17.0' ],
154 silly audit   '@eslint/eslintrc': [ '3.3.4' ],
154 silly audit   '@eslint/js': [ '9.39.3' ],
154 silly audit   '@eslint/object-schema': [ '2.1.7' ],
154 silly audit   '@eslint/plugin-kit': [ '0.4.1' ],
154 silly audit   '@humanfs/core': [ '0.19.1' ],
154 silly audit   '@humanfs/node': [ '0.16.7' ],
154 silly audit   '@humanwhocodes/module-importer': [ '1.0.1' ],
154 silly audit   '@humanwhocodes/retry': [ '0.4.3' ],
154 silly audit   '@img/colour': [ '1.0.0' ],
154 silly audit   '@img/sharp-darwin-arm64': [ '0.34.5' ],
154 silly audit   '@img/sharp-darwin-x64': [ '0.34.5' ],
154 silly audit   '@img/sharp-libvips-darwin-arm64': [ '1.2.4' ],
154 silly audit   '@img/sharp-libvips-darwin-x64': [ '1.2.4' ],
154 silly audit   '@img/sharp-libvips-linux-arm': [ '1.2.4' ],
154 silly audit   '@img/sharp-libvips-linux-arm64': [ '1.2.4' ],
154 silly audit   '@img/sharp-libvips-linux-ppc64': [ '1.2.4' ],
154 silly audit   '@img/sharp-libvips-linux-riscv64': [ '1.2.4' ],
154 silly audit   '@img/sharp-libvips-linux-s390x': [ '1.2.4' ],
154 silly audit   '@img/sharp-libvips-linux-x64': [ '1.2.4' ],
154 silly audit   '@img/sharp-libvips-linuxmusl-arm64': [ '1.2.4' ],
154 silly audit   '@img/sharp-libvips-linuxmusl-x64': [ '1.2.4' ],
154 silly audit   '@img/sharp-linux-arm': [ '0.34.5' ],
154 silly audit   '@img/sharp-linux-arm64': [ '0.34.5' ],
154 silly audit   '@img/sharp-linux-ppc64': [ '0.34.5' ],
154 silly audit   '@img/sharp-linux-riscv64': [ '0.34.5' ],
154 silly audit   '@img/sharp-linux-s390x': [ '0.34.5' ],
154 silly audit   '@img/sharp-linux-x64': [ '0.34.5' ],
154 silly audit   '@img/sharp-linuxmusl-arm64': [ '0.34.5' ],
154 silly audit   '@img/sharp-linuxmusl-x64': [ '0.34.5' ],
154 silly audit   '@img/sharp-wasm32': [ '0.34.5' ],
154 silly audit   '@img/sharp-win32-arm64': [ '0.34.5' ],
154 silly audit   '@img/sharp-win32-ia32': [ '0.34.5' ],
154 silly audit   '@img/sharp-win32-x64': [ '0.34.5' ],
154 silly audit   '@napi-rs/wasm-runtime': [ '0.2.12' ],
154 silly audit   '@next/env': [ '15.5.12' ],
154 silly audit   '@next/eslint-plugin-next': [ '15.5.12' ],
154 silly audit   '@next/swc-darwin-arm64': [ '15.5.12' ],
154 silly audit   '@next/swc-darwin-x64': [ '15.5.12' ],
154 silly audit   '@next/swc-linux-arm64-gnu': [ '15.5.12' ],
154 silly audit   '@next/swc-linux-arm64-musl': [ '15.5.12' ],
154 silly audit   '@next/swc-linux-x64-gnu': [ '15.5.12' ],
154 silly audit   '@next/swc-linux-x64-musl': [ '15.5.12' ],
154 silly audit   '@next/swc-win32-arm64-msvc': [ '15.5.12' ],
154 silly audit   '@next/swc-win32-x64-msvc': [ '15.5.12' ],
154 silly audit   '@nodelib/fs.scandir': [ '2.1.5' ],
154 silly audit   '@nodelib/fs.stat': [ '2.0.5' ],
154 silly audit   '@nodelib/fs.walk': [ '1.2.8' ],
154 silly audit   '@nolyfill/is-core-module': [ '1.0.39' ],
154 silly audit   '@rtsao/scc': [ '1.1.0' ],
154 silly audit   '@rushstack/eslint-patch': [ '1.16.1' ],
154 silly audit   '@supabase/auth-js': [ '2.98.0' ],
154 silly audit   '@supabase/functions-js': [ '2.98.0' ],
154 silly audit   '@supabase/postgrest-js': [ '2.98.0' ],
154 silly audit   '@supabase/realtime-js': [ '2.98.0' ],
154 silly audit   '@supabase/storage-js': [ '2.98.0' ],
154 silly audit   '@supabase/supabase-js': [ '2.98.0' ],
154 silly audit   '@swc/helpers': [ '0.5.15' ],
154 silly audit   '@tybys/wasm-util': [ '0.10.1' ],
154 silly audit   '@types/estree': [ '1.0.8' ],
154 silly audit   '@types/json-schema': [ '7.0.15' ],
154 silly audit   '@types/json5': [ '0.0.29' ],
154 silly audit   '@types/node': [ '22.19.13' ],
154 silly audit   '@types/phoenix': [ '1.6.7' ],
154 silly audit   '@types/react': [ '19.2.14' ],
154 silly audit   '@types/react-dom': [ '19.2.3' ],
154 silly audit   '@types/ws': [ '8.18.1' ],
154 silly audit   '@typescript-eslint/eslint-plugin': [ '8.56.1' ],
154 silly audit   ignore: [ '7.0.5', '5.3.2' ],
154 silly audit   '@typescript-eslint/parser': [ '8.56.1' ],
154 silly audit   '@typescript-eslint/project-service': [ '8.56.1' ],
154 silly audit   '@typescript-eslint/scope-manager': [ '8.56.1' ],
154 silly audit   '@typescript-eslint/tsconfig-utils': [ '8.56.1' ],
154 silly audit   '@typescript-eslint/type-utils': [ '8.56.1' ],
154 silly audit   '@typescript-eslint/types': [ '8.56.1' ],
154 silly audit   '@typescript-eslint/typescript-estree': [ '8.56.1' ],
154 silly audit   'balanced-match': [ '4.0.4', '1.0.2' ],
154 silly audit   'brace-expansion': [ '5.0.4', '1.1.12' ],
154 silly audit   minimatch: [ '10.2.4', '3.1.5' ],
154 silly audit   '@typescript-eslint/utils': [ '8.56.1' ],
154 silly audit   '@typescript-eslint/visitor-keys': [ '8.56.1' ],
154 silly audit   '@unrs/resolver-binding-android-arm-eabi': [ '1.11.1' ],
154 silly audit   '@unrs/resolver-binding-android-arm64': [ '1.11.1' ],
154 silly audit   '@unrs/resolver-binding-darwin-arm64': [ '1.11.1' ],
154 silly audit   '@unrs/resolver-binding-darwin-x64': [ '1.11.1' ],
154 silly audit   '@unrs/resolver-binding-freebsd-x64': [ '1.11.1' ],
154 silly audit   '@unrs/resolver-binding-linux-arm-gnueabihf': [ '1.11.1' ],
154 silly audit   '@unrs/resolver-binding-linux-arm-musleabihf': [ '1.11.1' ],
154 silly audit   '@unrs/resolver-binding-linux-arm64-gnu': [ '1.11.1' ],
154 silly audit   '@unrs/resolver-binding-linux-arm64-musl': [ '1.11.1' ],
154 silly audit   '@unrs/resolver-binding-linux-ppc64-gnu': [ '1.11.1' ],
154 silly audit   '@unrs/resolver-binding-linux-riscv64-gnu': [ '1.11.1' ],
154 silly audit   '@unrs/resolver-binding-linux-riscv64-musl': [ '1.11.1' ],
154 silly audit   '@unrs/resolver-binding-linux-s390x-gnu': [ '1.11.1' ],
154 silly audit   '@unrs/resolver-binding-linux-x64-gnu': [ '1.11.1' ],
154 silly audit   '@unrs/resolver-binding-linux-x64-musl': [ '1.11.1' ],
154 silly audit   '@unrs/resolver-binding-wasm32-wasi': [ '1.11.1' ],
154 silly audit   '@unrs/resolver-binding-win32-arm64-msvc': [ '1.11.1' ],
154 silly audit   '@unrs/resolver-binding-win32-ia32-msvc': [ '1.11.1' ],
154 silly audit   '@unrs/resolver-binding-win32-x64-msvc': [ '1.11.1' ],
154 silly audit   acorn: [ '8.16.0' ],
154 silly audit   'acorn-jsx': [ '5.3.2' ],
154 silly audit   ajv: [ '6.14.0' ],
154 silly audit   'ansi-styles': [ '4.3.0' ],
154 silly audit   argparse: [ '2.0.1' ],
154 silly audit   'aria-query': [ '5.3.2' ],
154 silly audit   'array-buffer-byte-length': [ '1.0.2' ],
154 silly audit   'array-includes': [ '3.1.9' ],
154 silly audit   'array.prototype.findlast': [ '1.2.5' ],
154 silly audit   'array.prototype.findlastindex': [ '1.2.6' ],
154 silly audit   'array.prototype.flat': [ '1.3.3' ],
154 silly audit   'array.prototype.flatmap': [ '1.3.3' ],
154 silly audit   'array.prototype.tosorted': [ '1.1.4' ],
154 silly audit   'arraybuffer.prototype.slice': [ '1.0.4' ],
154 silly audit   'ast-types-flow': [ '0.0.8' ],
154 silly audit   'async-function': [ '1.0.0' ],
154 silly audit   'available-typed-arrays': [ '1.0.7' ],
154 silly audit   'axe-core': [ '4.11.1' ],
154 silly audit   'axobject-query': [ '4.1.0' ],
154 silly audit   braces: [ '3.0.3' ],
154 silly audit   'call-bind': [ '1.0.8' ],
154 silly audit   'call-bind-apply-helpers': [ '1.0.2' ],
154 silly audit   'call-bound': [ '1.0.4' ],
154 silly audit   callsites: [ '3.1.0' ],
154 silly audit   'caniuse-lite': [ '1.0.30001774' ],
154 silly audit   chalk: [ '4.1.2' ],
154 silly audit   'client-only': [ '0.0.1' ],
154 silly audit   'color-convert': [ '2.0.1' ],
154 silly audit   'color-name': [ '1.1.4' ],
154 silly audit   'concat-map': [ '0.0.1' ],
154 silly audit   'cross-spawn': [ '7.0.6' ],
154 silly audit   csstype: [ '3.2.3' ],
154 silly audit   'damerau-levenshtein': [ '1.0.8' ],
154 silly audit   'data-view-buffer': [ '1.0.2' ],
154 silly audit   'data-view-byte-length': [ '1.0.2' ],
154 silly audit   'data-view-byte-offset': [ '1.0.1' ],
154 silly audit   debug: [ '4.4.3', '3.2.7' ],
154 silly audit   'deep-is': [ '0.1.4' ],
154 silly audit   'define-data-property': [ '1.1.4' ],
154 silly audit   'define-properties': [ '1.2.1' ],
154 silly audit   'detect-libc': [ '2.1.2' ],
154 silly audit   doctrine: [ '2.1.0' ],
154 silly audit   'dunder-proto': [ '1.0.1' ],
154 silly audit   'emoji-regex': [ '9.2.2' ],
154 silly audit   'es-abstract': [ '1.24.1' ],
154 silly audit   'es-define-property': [ '1.0.1' ],
154 silly audit   'es-errors': [ '1.3.0' ],
154 silly audit   'es-iterator-helpers': [ '1.2.2' ],
154 silly audit   'es-object-atoms': [ '1.1.1' ],
154 silly audit   'es-set-tostringtag': [ '2.1.0' ],
154 silly audit   'es-shim-unscopables': [ '1.1.0' ],
154 silly audit   'es-to-primitive': [ '1.3.0' ],
154 silly audit   'escape-string-regexp': [ '4.0.0' ],
154 silly audit   eslint: [ '9.39.3' ],
154 silly audit   'eslint-config-next': [ '15.5.12' ],
154 silly audit   'eslint-import-resolver-node': [ '0.3.9' ],
154 silly audit   'eslint-import-resolver-typescript': [ '3.10.1' ],
154 silly audit   'eslint-module-utils': [ '2.12.1' ],
154 silly audit   'eslint-plugin-import': [ '2.32.0' ],
154 silly audit   semver: [ '6.3.1', '7.7.4' ],
154 silly audit   'eslint-plugin-jsx-a11y': [ '6.10.2' ],
154 silly audit   'eslint-plugin-react': [ '7.37.5' ],
154 silly audit   'eslint-plugin-react-hooks': [ '5.2.0' ],
154 silly audit   resolve: [ '2.0.0-next.6', '1.22.11' ],
154 silly audit   'eslint-scope': [ '8.4.0' ],
154 silly audit   espree: [ '10.4.0' ],
154 silly audit   esquery: [ '1.7.0' ],
154 silly audit   esrecurse: [ '4.3.0' ],
154 silly audit   estraverse: [ '5.3.0' ],
154 silly audit   esutils: [ '2.0.3' ],
154 silly audit   'fast-deep-equal': [ '3.1.3' ],
154 silly audit   'fast-glob': [ '3.3.1' ],
154 silly audit   'glob-parent': [ '5.1.2', '6.0.2' ],
154 silly audit   'fast-json-stable-stringify': [ '2.1.0' ],
154 silly audit   'fast-levenshtein': [ '2.0.6' ],
154 silly audit   fastq: [ '1.20.1' ],
154 silly audit   'file-entry-cache': [ '8.0.0' ],
154 silly audit   'fill-range': [ '7.1.1' ],
154 silly audit   'find-up': [ '5.0.0' ],
154 silly audit   'flat-cache': [ '4.0.1' ],
154 silly audit   flatted: [ '3.3.3' ],
154 silly audit   'for-each': [ '0.3.5' ],
154 silly audit   'function-bind': [ '1.1.2' ],
154 silly audit   'function.prototype.name': [ '1.1.8' ],
154 silly audit   'functions-have-names': [ '1.2.3' ],
154 silly audit   'generator-function': [ '2.0.1' ],
154 silly audit   'get-intrinsic': [ '1.3.0' ],
154 silly audit   'get-proto': [ '1.0.1' ],
154 silly audit   'get-symbol-description': [ '1.1.0' ],
154 silly audit   'get-tsconfig': [ '4.13.6' ],
154 silly audit   globals: [ '14.0.0' ],
154 silly audit   globalthis: [ '1.0.4' ],
154 silly audit   gopd: [ '1.2.0' ],
154 silly audit   'has-bigints': [ '1.1.0' ],
154 silly audit   'has-flag': [ '4.0.0' ],
154 silly audit   'has-property-descriptors': [ '1.0.2' ],
154 silly audit   'has-proto': [ '1.2.0' ],
154 silly audit   'has-symbols': [ '1.1.0' ],
154 silly audit   'has-tostringtag': [ '1.0.2' ],
154 silly audit   hasown: [ '2.0.2' ],
154 silly audit   'iceberg-js': [ '0.8.1' ],
154 silly audit   'import-fresh': [ '3.3.1' ],
154 silly audit   imurmurhash: [ '0.1.4' ],
154 silly audit   'internal-slot': [ '1.1.0' ],
154 silly audit   'is-array-buffer': [ '3.0.5' ],
154 silly audit   'is-async-function': [ '2.1.1' ],
154 silly audit   'is-bigint': [ '1.1.0' ],
154 silly audit   'is-boolean-object': [ '1.2.2' ],
154 silly audit   'is-bun-module': [ '2.0.0' ],
154 silly audit   'is-callable': [ '1.2.7' ],
154 silly audit   'is-core-module': [ '2.16.1' ],
154 silly audit   'is-data-view': [ '1.0.2' ],
154 silly audit   'is-date-object': [ '1.1.0' ],
154 silly audit   'is-extglob': [ '2.1.1' ],
154 silly audit   'is-finalizationregistry': [ '1.1.1' ],
154 silly audit   'is-generator-function': [ '1.1.2' ],
154 silly audit   'is-glob': [ '4.0.3' ],
154 silly audit   'is-map': [ '2.0.3' ],
154 silly audit   'is-negative-zero': [ '2.0.3' ],
154 silly audit   'is-number': [ '7.0.0' ],
154 silly audit   'is-number-object': [ '1.1.1' ],
154 silly audit   'is-regex': [ '1.2.1' ],
154 silly audit   'is-set': [ '2.0.3' ],
154 silly audit   'is-shared-array-buffer': [ '1.0.4' ],
154 silly audit   'is-string': [ '1.1.1' ],
154 silly audit   'is-symbol': [ '1.1.1' ],
154 silly audit   'is-typed-array': [ '1.1.15' ],
154 silly audit   'is-weakmap': [ '2.0.2' ],
154 silly audit   'is-weakref': [ '1.1.1' ],
154 silly audit   'is-weakset': [ '2.0.4' ],
154 silly audit   isarray: [ '2.0.5' ],
154 silly audit   isexe: [ '2.0.0' ],
154 silly audit   'iterator.prototype': [ '1.1.5' ],
154 silly audit   'js-tokens': [ '4.0.0' ],
154 silly audit   'js-yaml': [ '4.1.1' ],
154 silly audit   'json-buffer': [ '3.0.1' ],
154 silly audit   'json-schema-traverse': [ '0.4.1' ],
154 silly audit   'json-stable-stringify-without-jsonify': [ '1.0.1' ],
154 silly audit   json5: [ '1.0.2' ],
154 silly audit   'jsx-ast-utils': [ '3.3.5' ],
154 silly audit   keyv: [ '4.5.4' ],
154 silly audit   'language-subtag-registry': [ '0.3.23' ],
154 silly audit   'language-tags': [ '1.0.9' ],
154 silly audit   levn: [ '0.4.1' ],
154 silly audit   'locate-path': [ '6.0.0' ],
154 silly audit   'lodash.merge': [ '4.6.2' ],
154 silly audit   'loose-envify': [ '1.4.0' ],
154 silly audit   'math-intrinsics': [ '1.1.0' ],
154 silly audit   merge2: [ '1.4.1' ],
154 silly audit   micromatch: [ '4.0.8' ],
154 silly audit   minimist: [ '1.2.8' ],
154 silly audit   ms: [ '2.1.3' ],
154 silly audit   nanoid: [ '3.3.11' ],
154 silly audit   'napi-postinstall': [ '0.3.4' ],
154 silly audit   'natural-compare': [ '1.4.0' ],
154 silly audit   next: [ '15.5.12' ],
154 silly audit   'node-exports-info': [ '1.6.0' ],
154 silly audit   'object-assign': [ '4.1.1' ],
154 silly audit   'object-inspect': [ '1.13.4' ],
154 silly audit   'object-keys': [ '1.1.1' ],
154 silly audit   'object.assign': [ '4.1.7' ],
154 silly audit   'object.entries': [ '1.1.9' ],
154 silly audit   'object.fromentries': [ '2.0.8' ],
154 silly audit   'object.groupby': [ '1.0.3' ],
154 silly audit   'object.values': [ '1.2.1' ],
154 silly audit   optionator: [ '0.9.4' ],
154 silly audit   'own-keys': [ '1.0.1' ],
154 silly audit   'p-limit': [ '3.1.0' ],
154 silly audit   'p-locate': [ '5.0.0' ],
154 silly audit   'parent-module': [ '1.0.1' ],
154 silly audit   'path-exists': [ '4.0.0' ],
154 silly audit   'path-key': [ '3.1.1' ],
154 silly audit   'path-parse': [ '1.0.7' ],
154 silly audit   picocolors: [ '1.1.1' ],
154 silly audit   picomatch: [ '2.3.1', '4.0.3' ],
154 silly audit   'possible-typed-array-names': [ '1.1.0' ],
154 silly audit   postcss: [ '8.4.31' ],
154 silly audit   'prelude-ls': [ '1.2.1' ],
154 silly audit   'prop-types': [ '15.8.1' ],
154 silly audit   punycode: [ '2.3.1' ],
154 silly audit   'queue-microtask': [ '1.2.3' ],
154 silly audit   react: [ '19.2.4' ],
154 silly audit   'react-dom': [ '19.2.4' ],
154 silly audit   'react-is': [ '16.13.1' ],
154 silly audit   'reflect.getprototypeof': [ '1.0.10' ],
154 silly audit   'regexp.prototype.flags': [ '1.5.4' ],
154 silly audit   'resolve-from': [ '4.0.0' ],
154 silly audit   'resolve-pkg-maps': [ '1.0.0' ],
154 silly audit   reusify: [ '1.1.0' ],
154 silly audit   'run-parallel': [ '1.2.0' ],
154 silly audit   'safe-array-concat': [ '1.1.3' ],
154 silly audit   'safe-push-apply': [ '1.0.0' ],
154 silly audit   'safe-regex-test': [ '1.1.0' ],
154 silly audit   scheduler: [ '0.27.0' ],
154 silly audit   'set-function-length': [ '1.2.2' ],
154 silly audit   'set-function-name': [ '2.0.2' ],
154 silly audit   'set-proto': [ '1.0.0' ],
154 silly audit   sharp: [ '0.34.5' ],
154 silly audit   'shebang-command': [ '2.0.0' ],
154 silly audit   'shebang-regex': [ '3.0.0' ],
154 silly audit   'side-channel': [ '1.1.0' ],
154 silly audit   'side-channel-list': [ '1.0.0' ],
154 silly audit   'side-channel-map': [ '1.0.1' ],
154 silly audit   'side-channel-weakmap': [ '1.0.2' ],
154 silly audit   'source-map-js': [ '1.2.1' ],
154 silly audit   'stable-hash': [ '0.0.5' ],
154 silly audit   'stop-iteration-iterator': [ '1.1.0' ],
154 silly audit   'string.prototype.includes': [ '2.0.1' ],
154 silly audit   'string.prototype.matchall': [ '4.0.12' ],
154 silly audit   'string.prototype.repeat': [ '1.0.0' ],
154 silly audit   'string.prototype.trim': [ '1.2.10' ],
154 silly audit   'string.prototype.trimend': [ '1.0.9' ],
154 silly audit   'string.prototype.trimstart': [ '1.0.8' ],
154 silly audit   'strip-bom': [ '3.0.0' ],
154 silly audit   'strip-json-comments': [ '3.1.1' ],
154 silly audit   'styled-jsx': [ '5.1.6' ],
154 silly audit   'supports-color': [ '7.2.0' ],
154 silly audit   'supports-preserve-symlinks-flag': [ '1.0.0' ],
154 silly audit   tinyglobby: [ '0.2.15' ],
154 silly audit   fdir: [ '6.5.0' ],
154 silly audit   'to-regex-range': [ '5.0.1' ],
154 silly audit   'ts-api-utils': [ '2.4.0' ],
154 silly audit   'tsconfig-paths': [ '3.15.0' ],
154 silly audit   tslib: [ '2.8.1' ],
154 silly audit   'type-check': [ '0.4.0' ],
154 silly audit   'typed-array-buffer': [ '1.0.3' ],
154 silly audit   'typed-array-byte-length': [ '1.0.3' ],
154 silly audit   'typed-array-byte-offset': [ '1.0.4' ],
154 silly audit   'typed-array-length': [ '1.0.7' ],
154 silly audit   typescript: [ '5.9.3' ],
154 silly audit   'unbox-primitive': [ '1.1.0' ],
154 silly audit   'undici-types': [ '6.21.0' ],
154 silly audit   'unrs-resolver': [ '1.11.1' ],
154 silly audit   'uri-js': [ '4.4.1' ],
154 silly audit   which: [ '2.0.2' ],
154 silly audit   'which-boxed-primitive': [ '1.1.1' ],
154 silly audit   'which-builtin-type': [ '1.2.1' ],
154 silly audit   'which-collection': [ '1.0.2' ],
154 silly audit   'which-typed-array': [ '1.1.20' ],
154 silly audit   'word-wrap': [ '1.2.5' ],
154 silly audit   ws: [ '8.19.0' ],
154 silly audit   'yocto-queue': [ '0.1.0' ],
154 silly audit   cheerio: [ '1.2.0' ],
154 silly audit   'cheerio-select': [ '2.1.0' ],
154 silly audit   'dom-serializer': [ '2.0.0' ],
154 silly audit   domhandler: [ '5.0.3' ],
154 silly audit   domutils: [ '3.2.2' ],
154 silly audit   'encoding-sniffer': [ '0.2.1' ],
154 silly audit   htmlparser2: [ '10.1.0' ],
154 silly audit   parse5: [ '7.3.0' ],
154 silly audit   'parse5-htmlparser2-tree-adapter': [ '7.1.0' ],
154 silly audit   'parse5-parser-stream': [ '7.1.2' ],
154 silly audit   undici: [ '7.22.0' ],
154 silly audit   'whatwg-mimetype': [ '4.0.0' ],
154 silly audit   boolbase: [ '1.0.0' ],
154 silly audit   'css-select': [ '5.2.2' ],
154 silly audit   'css-what': [ '6.2.2' ],
154 silly audit   domelementtype: [ '2.3.0' ],
154 silly audit   'nth-check': [ '2.1.1' ],
154 silly audit   entities: [ '4.5.0', '7.0.1', '6.0.1' ],
154 silly audit   'iconv-lite': [ '0.6.3' ],
154 silly audit   'whatwg-encoding': [ '3.1.1' ],
154 silly audit   'safer-buffer': [ '2.1.2' ]
154 silly audit }
155 verbose reify failed optional dependency C:\Users\user\Documents\Project\yosobase\node_modules\@unrs\resolver-binding-win32-ia32-msvc
156 silly reify mark deleted [
156 silly reify   'C:\\Users\\user\\Documents\\Project\\yosobase\\node_modules\\@unrs\\resolver-binding-win32-ia32-msvc'
156 silly reify ]
157 verbose reify failed optional dependency C:\Users\user\Documents\Project\yosobase\node_modules\@unrs\resolver-binding-win32-arm64-msvc
158 silly reify mark deleted [
158 silly reify   'C:\\Users\\user\\Documents\\Project\\yosobase\\node_modules\\@unrs\\resolver-binding-win32-arm64-msvc'
158 silly reify ]
159 verbose reify failed optional dependency C:\Users\user\Documents\Project\yosobase\node_modules\@unrs\resolver-binding-wasm32-wasi
160 silly reify mark deleted [
160 silly reify   'C:\\Users\\user\\Documents\\Project\\yosobase\\node_modules\\@unrs\\resolver-binding-wasm32-wasi'
160 silly reify ]
161 verbose reify failed optional dependency C:\Users\user\Documents\Project\yosobase\node_modules\@napi-rs\wasm-runtime
162 silly reify mark deleted [
162 silly reify   'C:\\Users\\user\\Documents\\Project\\yosobase\\node_modules\\@napi-rs\\wasm-runtime'
162 silly reify ]
163 verbose reify failed optional dependency C:\Users\user\Documents\Project\yosobase\node_modules\@emnapi\core
164 silly reify mark deleted [
164 silly reify   'C:\\Users\\user\\Documents\\Project\\yosobase\\node_modules\\@emnapi\\core'
164 silly reify ]
165 verbose reify failed optional dependency C:\Users\user\Documents\Project\yosobase\node_modules\@tybys\wasm-util
166 silly reify mark deleted [
166 silly reify   'C:\\Users\\user\\Documents\\Project\\yosobase\\node_modules\\@tybys\\wasm-util'
166 silly reify ]
167 verbose reify failed optional dependency C:\Users\user\Documents\Project\yosobase\node_modules\@emnapi\wasi-threads
168 silly reify mark deleted [
168 silly reify   'C:\\Users\\user\\Documents\\Project\\yosobase\\node_modules\\@emnapi\\wasi-threads'
168 silly reify ]
169 verbose reify failed optional dependency C:\Users\user\Documents\Project\yosobase\node_modules\@unrs\resolver-binding-linux-x64-musl
170 silly reify mark deleted [
170 silly reify   'C:\\Users\\user\\Documents\\Project\\yosobase\\node_modules\\@unrs\\resolver-binding-linux-x64-musl'
170 silly reify ]
171 verbose reify failed optional dependency C:\Users\user\Documents\Project\yosobase\node_modules\@unrs\resolver-binding-linux-x64-gnu
172 silly reify mark deleted [
172 silly reify   'C:\\Users\\user\\Documents\\Project\\yosobase\\node_modules\\@unrs\\resolver-binding-linux-x64-gnu'
172 silly reify ]
173 verbose reify failed optional dependency C:\Users\user\Documents\Project\yosobase\node_modules\@unrs\resolver-binding-linux-s390x-gnu
174 silly reify mark deleted [
174 silly reify   'C:\\Users\\user\\Documents\\Project\\yosobase\\node_modules\\@unrs\\resolver-binding-linux-s390x-gnu'
174 silly reify ]
175 verbose reify failed optional dependency C:\Users\user\Documents\Project\yosobase\node_modules\@unrs\resolver-binding-linux-riscv64-musl
176 silly reify mark deleted [
176 silly reify   'C:\\Users\\user\\Documents\\Project\\yosobase\\node_modules\\@unrs\\resolver-binding-linux-riscv64-musl'
176 silly reify ]
177 verbose reify failed optional dependency C:\Users\user\Documents\Project\yosobase\node_modules\@unrs\resolver-binding-linux-riscv64-gnu
178 silly reify mark deleted [
178 silly reify   'C:\\Users\\user\\Documents\\Project\\yosobase\\node_modules\\@unrs\\resolver-binding-linux-riscv64-gnu'
178 silly reify ]
179 verbose reify failed optional dependency C:\Users\user\Documents\Project\yosobase\node_modules\@unrs\resolver-binding-linux-ppc64-gnu
180 silly reify mark deleted [
180 silly reify   'C:\\Users\\user\\Documents\\Project\\yosobase\\node_modules\\@unrs\\resolver-binding-linux-ppc64-gnu'
180 silly reify ]
181 verbose reify failed optional dependency C:\Users\user\Documents\Project\yosobase\node_modules\@unrs\resolver-binding-linux-arm64-musl
182 silly reify mark deleted [
182 silly reify   'C:\\Users\\user\\Documents\\Project\\yosobase\\node_modules\\@unrs\\resolver-binding-linux-arm64-musl'
182 silly reify ]
183 verbose reify failed optional dependency C:\Users\user\Documents\Project\yosobase\node_modules\@unrs\resolver-binding-linux-arm64-gnu
184 silly reify mark deleted [
184 silly reify   'C:\\Users\\user\\Documents\\Project\\yosobase\\node_modules\\@unrs\\resolver-binding-linux-arm64-gnu'
184 silly reify ]
185 verbose reify failed optional dependency C:\Users\user\Documents\Project\yosobase\node_modules\@unrs\resolver-binding-linux-arm-musleabihf
186 silly reify mark deleted [
186 silly reify   'C:\\Users\\user\\Documents\\Project\\yosobase\\node_modules\\@unrs\\resolver-binding-linux-arm-musleabihf'
186 silly reify ]
187 verbose reify failed optional dependency C:\Users\user\Documents\Project\yosobase\node_modules\@unrs\resolver-binding-linux-arm-gnueabihf
188 silly reify mark deleted [
188 silly reify   'C:\\Users\\user\\Documents\\Project\\yosobase\\node_modules\\@unrs\\resolver-binding-linux-arm-gnueabihf'
188 silly reify ]
189 verbose reify failed optional dependency C:\Users\user\Documents\Project\yosobase\node_modules\@unrs\resolver-binding-freebsd-x64
190 silly reify mark deleted [
190 silly reify   'C:\\Users\\user\\Documents\\Project\\yosobase\\node_modules\\@unrs\\resolver-binding-freebsd-x64'
190 silly reify ]
191 verbose reify failed optional dependency C:\Users\user\Documents\Project\yosobase\node_modules\@unrs\resolver-binding-darwin-x64
192 silly reify mark deleted [
192 silly reify   'C:\\Users\\user\\Documents\\Project\\yosobase\\node_modules\\@unrs\\resolver-binding-darwin-x64'
192 silly reify ]
193 verbose reify failed optional dependency C:\Users\user\Documents\Project\yosobase\node_modules\@unrs\resolver-binding-darwin-arm64
194 silly reify mark deleted [
194 silly reify   'C:\\Users\\user\\Documents\\Project\\yosobase\\node_modules\\@unrs\\resolver-binding-darwin-arm64'
194 silly reify ]
195 verbose reify failed optional dependency C:\Users\user\Documents\Project\yosobase\node_modules\@unrs\resolver-binding-android-arm64
196 silly reify mark deleted [
196 silly reify   'C:\\Users\\user\\Documents\\Project\\yosobase\\node_modules\\@unrs\\resolver-binding-android-arm64'
196 silly reify ]
197 verbose reify failed optional dependency C:\Users\user\Documents\Project\yosobase\node_modules\@unrs\resolver-binding-android-arm-eabi
198 silly reify mark deleted [
198 silly reify   'C:\\Users\\user\\Documents\\Project\\yosobase\\node_modules\\@unrs\\resolver-binding-android-arm-eabi'
198 silly reify ]
199 verbose reify failed optional dependency C:\Users\user\Documents\Project\yosobase\node_modules\@next\swc-win32-arm64-msvc
200 silly reify mark deleted [
200 silly reify   'C:\\Users\\user\\Documents\\Project\\yosobase\\node_modules\\@next\\swc-win32-arm64-msvc'
200 silly reify ]
201 verbose reify failed optional dependency C:\Users\user\Documents\Project\yosobase\node_modules\@next\swc-linux-x64-musl
202 silly reify mark deleted [
202 silly reify   'C:\\Users\\user\\Documents\\Project\\yosobase\\node_modules\\@next\\swc-linux-x64-musl'
202 silly reify ]
203 verbose reify failed optional dependency C:\Users\user\Documents\Project\yosobase\node_modules\@next\swc-linux-x64-gnu
204 silly reify mark deleted [
204 silly reify   'C:\\Users\\user\\Documents\\Project\\yosobase\\node_modules\\@next\\swc-linux-x64-gnu'
204 silly reify ]
205 verbose reify failed optional dependency C:\Users\user\Documents\Project\yosobase\node_modules\@next\swc-linux-arm64-musl
206 silly reify mark deleted [
206 silly reify   'C:\\Users\\user\\Documents\\Project\\yosobase\\node_modules\\@next\\swc-linux-arm64-musl'
206 silly reify ]
207 verbose reify failed optional dependency C:\Users\user\Documents\Project\yosobase\node_modules\@next\swc-linux-arm64-gnu
208 silly reify mark deleted [
208 silly reify   'C:\\Users\\user\\Documents\\Project\\yosobase\\node_modules\\@next\\swc-linux-arm64-gnu'
208 silly reify ]
209 verbose reify failed optional dependency C:\Users\user\Documents\Project\yosobase\node_modules\@next\swc-darwin-x64
210 silly reify mark deleted [
210 silly reify   'C:\\Users\\user\\Documents\\Project\\yosobase\\node_modules\\@next\\swc-darwin-x64'
210 silly reify ]
211 verbose reify failed optional dependency C:\Users\user\Documents\Project\yosobase\node_modules\@next\swc-darwin-arm64
212 silly reify mark deleted [
212 silly reify   'C:\\Users\\user\\Documents\\Project\\yosobase\\node_modules\\@next\\swc-darwin-arm64'
212 silly reify ]
213 verbose reify failed optional dependency C:\Users\user\Documents\Project\yosobase\node_modules\@img\sharp-win32-ia32
214 silly reify mark deleted [
214 silly reify   'C:\\Users\\user\\Documents\\Project\\yosobase\\node_modules\\@img\\sharp-win32-ia32'
214 silly reify ]
215 verbose reify failed optional dependency C:\Users\user\Documents\Project\yosobase\node_modules\@img\sharp-win32-arm64
216 silly reify mark deleted [
216 silly reify   'C:\\Users\\user\\Documents\\Project\\yosobase\\node_modules\\@img\\sharp-win32-arm64'
216 silly reify ]
217 verbose reify failed optional dependency C:\Users\user\Documents\Project\yosobase\node_modules\@img\sharp-wasm32
218 silly reify mark deleted [
218 silly reify   'C:\\Users\\user\\Documents\\Project\\yosobase\\node_modules\\@img\\sharp-wasm32'
218 silly reify ]
219 verbose reify failed optional dependency C:\Users\user\Documents\Project\yosobase\node_modules\@img\sharp-linuxmusl-x64
220 silly reify mark deleted [
220 silly reify   'C:\\Users\\user\\Documents\\Project\\yosobase\\node_modules\\@img\\sharp-linuxmusl-x64'
220 silly reify ]
221 verbose reify failed optional dependency C:\Users\user\Documents\Project\yosobase\node_modules\@img\sharp-linuxmusl-arm64
222 silly reify mark deleted [
222 silly reify   'C:\\Users\\user\\Documents\\Project\\yosobase\\node_modules\\@img\\sharp-linuxmusl-arm64'
222 silly reify ]
223 verbose reify failed optional dependency C:\Users\user\Documents\Project\yosobase\node_modules\@img\sharp-linux-x64
224 silly reify mark deleted [
224 silly reify   'C:\\Users\\user\\Documents\\Project\\yosobase\\node_modules\\@img\\sharp-linux-x64'
224 silly reify ]
225 verbose reify failed optional dependency C:\Users\user\Documents\Project\yosobase\node_modules\@img\sharp-linux-s390x
226 silly reify mark deleted [
226 silly reify   'C:\\Users\\user\\Documents\\Project\\yosobase\\node_modules\\@img\\sharp-linux-s390x'
226 silly reify ]
227 verbose reify failed optional dependency C:\Users\user\Documents\Project\yosobase\node_modules\@img\sharp-linux-riscv64
228 silly reify mark deleted [
228 silly reify   'C:\\Users\\user\\Documents\\Project\\yosobase\\node_modules\\@img\\sharp-linux-riscv64'
228 silly reify ]
229 verbose reify failed optional dependency C:\Users\user\Documents\Project\yosobase\node_modules\@img\sharp-linux-ppc64
230 silly reify mark deleted [
230 silly reify   'C:\\Users\\user\\Documents\\Project\\yosobase\\node_modules\\@img\\sharp-linux-ppc64'
230 silly reify ]
231 verbose reify failed optional dependency C:\Users\user\Documents\Project\yosobase\node_modules\@img\sharp-linux-arm64
232 silly reify mark deleted [
232 silly reify   'C:\\Users\\user\\Documents\\Project\\yosobase\\node_modules\\@img\\sharp-linux-arm64'
232 silly reify ]
233 verbose reify failed optional dependency C:\Users\user\Documents\Project\yosobase\node_modules\@img\sharp-linux-arm
234 silly reify mark deleted [
234 silly reify   'C:\\Users\\user\\Documents\\Project\\yosobase\\node_modules\\@img\\sharp-linux-arm'
234 silly reify ]
235 verbose reify failed optional dependency C:\Users\user\Documents\Project\yosobase\node_modules\@img\sharp-libvips-linuxmusl-x64
236 silly reify mark deleted [
236 silly reify   'C:\\Users\\user\\Documents\\Project\\yosobase\\node_modules\\@img\\sharp-libvips-linuxmusl-x64'
236 silly reify ]
237 verbose reify failed optional dependency C:\Users\user\Documents\Project\yosobase\node_modules\@img\sharp-libvips-linuxmusl-arm64
238 silly reify mark deleted [
238 silly reify   'C:\\Users\\user\\Documents\\Project\\yosobase\\node_modules\\@img\\sharp-libvips-linuxmusl-arm64'
238 silly reify ]
239 verbose reify failed optional dependency C:\Users\user\Documents\Project\yosobase\node_modules\@img\sharp-libvips-linux-x64
240 silly reify mark deleted [
240 silly reify   'C:\\Users\\user\\Documents\\Project\\yosobase\\node_modules\\@img\\sharp-libvips-linux-x64'
240 silly reify ]
241 verbose reify failed optional dependency C:\Users\user\Documents\Project\yosobase\node_modules\@img\sharp-libvips-linux-s390x
242 silly reify mark deleted [
242 silly reify   'C:\\Users\\user\\Documents\\Project\\yosobase\\node_modules\\@img\\sharp-libvips-linux-s390x'
242 silly reify ]
243 verbose reify failed optional dependency C:\Users\user\Documents\Project\yosobase\node_modules\@img\sharp-libvips-linux-riscv64
244 silly reify mark deleted [
244 silly reify   'C:\\Users\\user\\Documents\\Project\\yosobase\\node_modules\\@img\\sharp-libvips-linux-riscv64'
244 silly reify ]
245 verbose reify failed optional dependency C:\Users\user\Documents\Project\yosobase\node_modules\@img\sharp-libvips-linux-ppc64
246 silly reify mark deleted [
246 silly reify   'C:\\Users\\user\\Documents\\Project\\yosobase\\node_modules\\@img\\sharp-libvips-linux-ppc64'
246 silly reify ]
247 verbose reify failed optional dependency C:\Users\user\Documents\Project\yosobase\node_modules\@img\sharp-libvips-linux-arm64
248 silly reify mark deleted [
248 silly reify   'C:\\Users\\user\\Documents\\Project\\yosobase\\node_modules\\@img\\sharp-libvips-linux-arm64'
248 silly reify ]
249 verbose reify failed optional dependency C:\Users\user\Documents\Project\yosobase\node_modules\@img\sharp-libvips-linux-arm
250 silly reify mark deleted [
250 silly reify   'C:\\Users\\user\\Documents\\Project\\yosobase\\node_modules\\@img\\sharp-libvips-linux-arm'
250 silly reify ]
251 verbose reify failed optional dependency C:\Users\user\Documents\Project\yosobase\node_modules\@img\sharp-libvips-darwin-x64
252 silly reify mark deleted [
252 silly reify   'C:\\Users\\user\\Documents\\Project\\yosobase\\node_modules\\@img\\sharp-libvips-darwin-x64'
252 silly reify ]
253 verbose reify failed optional dependency C:\Users\user\Documents\Project\yosobase\node_modules\@img\sharp-libvips-darwin-arm64
254 silly reify mark deleted [
254 silly reify   'C:\\Users\\user\\Documents\\Project\\yosobase\\node_modules\\@img\\sharp-libvips-darwin-arm64'
254 silly reify ]
255 verbose reify failed optional dependency C:\Users\user\Documents\Project\yosobase\node_modules\@img\sharp-darwin-x64
256 silly reify mark deleted [
256 silly reify   'C:\\Users\\user\\Documents\\Project\\yosobase\\node_modules\\@img\\sharp-darwin-x64'
256 silly reify ]
257 verbose reify failed optional dependency C:\Users\user\Documents\Project\yosobase\node_modules\@img\sharp-darwin-arm64
258 silly reify mark deleted [
258 silly reify   'C:\\Users\\user\\Documents\\Project\\yosobase\\node_modules\\@img\\sharp-darwin-arm64'
258 silly reify ]
259 http cache iconv-lite@https://registry.npmjs.org/iconv-lite/-/iconv-lite-0.6.3.tgz 0ms (cache hit)
260 http cache safer-buffer@https://registry.npmjs.org/safer-buffer/-/safer-buffer-2.1.2.tgz 0ms (cache hit)
261 http cache domelementtype@https://registry.npmjs.org/domelementtype/-/domelementtype-2.3.0.tgz 0ms (cache hit)
262 http cache whatwg-encoding@https://registry.npmjs.org/whatwg-encoding/-/whatwg-encoding-3.1.1.tgz 0ms (cache hit)
263 http cache css-select@https://registry.npmjs.org/css-select/-/css-select-5.2.2.tgz 0ms (cache hit)
264 http cache boolbase@https://registry.npmjs.org/boolbase/-/boolbase-1.0.0.tgz 0ms (cache hit)
265 http cache css-what@https://registry.npmjs.org/css-what/-/css-what-6.2.2.tgz 0ms (cache hit)
266 http cache entities@https://registry.npmjs.org/entities/-/entities-4.5.0.tgz 0ms (cache hit)
267 http cache whatwg-mimetype@https://registry.npmjs.org/whatwg-mimetype/-/whatwg-mimetype-4.0.0.tgz 0ms (cache hit)
268 http cache undici@https://registry.npmjs.org/undici/-/undici-7.22.0.tgz 0ms (cache hit)
269 http cache parse5-parser-stream@https://registry.npmjs.org/parse5-parser-stream/-/parse5-parser-stream-7.1.2.tgz 0ms (cache hit)
270 http cache nth-check@https://registry.npmjs.org/nth-check/-/nth-check-2.1.1.tgz 0ms (cache hit)
271 http cache parse5-htmlparser2-tree-adapter@https://registry.npmjs.org/parse5-htmlparser2-tree-adapter/-/parse5-htmlparser2-tree-adapter-7.1.0.tgz 0ms (cache hit)
272 http cache encoding-sniffer@https://registry.npmjs.org/encoding-sniffer/-/encoding-sniffer-0.2.1.tgz 0ms (cache hit)
273 http cache domutils@https://registry.npmjs.org/domutils/-/domutils-3.2.2.tgz 0ms (cache hit)
274 http cache htmlparser2@https://registry.npmjs.org/htmlparser2/-/htmlparser2-10.1.0.tgz 0ms (cache hit)
275 http cache parse5@https://registry.npmjs.org/parse5/-/parse5-7.3.0.tgz 0ms (cache hit)
276 http cache domhandler@https://registry.npmjs.org/domhandler/-/domhandler-5.0.3.tgz 0ms (cache hit)
277 http cache @tybys/wasm-util@https://registry.npmjs.org/@tybys/wasm-util/-/wasm-util-0.10.1.tgz 0ms (cache hit)
278 http cache @napi-rs/wasm-runtime@https://registry.npmjs.org/@napi-rs/wasm-runtime/-/wasm-runtime-0.2.12.tgz 0ms (cache hit)
279 http cache dom-serializer@https://registry.npmjs.org/dom-serializer/-/dom-serializer-2.0.0.tgz 0ms (cache hit)
280 http cache cheerio-select@https://registry.npmjs.org/cheerio-select/-/cheerio-select-2.1.0.tgz 0ms (cache hit)
281 http cache cheerio@https://registry.npmjs.org/cheerio/-/cheerio-1.2.0.tgz 0ms (cache hit)
282 http cache @emnapi/wasi-threads@https://registry.npmjs.org/@emnapi/wasi-threads/-/wasi-threads-1.1.0.tgz 0ms (cache hit)
283 http cache entities@https://registry.npmjs.org/entities/-/entities-7.0.1.tgz 0ms (cache hit)
284 silly tarball no local data for iconv-lite@https://registry.npmjs.org/iconv-lite/-/iconv-lite-0.6.3.tgz. Extracting by manifest.
285 http cache @emnapi/core@https://registry.npmjs.org/@emnapi/core/-/core-1.8.1.tgz 0ms (cache hit)
286 silly tarball no local data for safer-buffer@https://registry.npmjs.org/safer-buffer/-/safer-buffer-2.1.2.tgz. Extracting by manifest.
287 silly tarball no local data for domelementtype@https://registry.npmjs.org/domelementtype/-/domelementtype-2.3.0.tgz. Extracting by manifest.
288 silly tarball no local data for whatwg-encoding@https://registry.npmjs.org/whatwg-encoding/-/whatwg-encoding-3.1.1.tgz. Extracting by manifest.
289 silly tarball no local data for css-select@https://registry.npmjs.org/css-select/-/css-select-5.2.2.tgz. Extracting by manifest.
290 silly tarball no local data for boolbase@https://registry.npmjs.org/boolbase/-/boolbase-1.0.0.tgz. Extracting by manifest.
291 silly tarball no local data for entities@https://registry.npmjs.org/entities/-/entities-4.5.0.tgz. Extracting by manifest.
292 silly tarball no local data for css-what@https://registry.npmjs.org/css-what/-/css-what-6.2.2.tgz. Extracting by manifest.
293 silly tarball no local data for whatwg-mimetype@https://registry.npmjs.org/whatwg-mimetype/-/whatwg-mimetype-4.0.0.tgz. Extracting by manifest.
294 silly tarball no local data for undici@https://registry.npmjs.org/undici/-/undici-7.22.0.tgz. Extracting by manifest.
295 http cache entities@https://registry.npmjs.org/entities/-/entities-6.0.1.tgz 0ms (cache hit)
296 silly tarball no local data for parse5-parser-stream@https://registry.npmjs.org/parse5-parser-stream/-/parse5-parser-stream-7.1.2.tgz. Extracting by manifest.
297 silly tarball no local data for nth-check@https://registry.npmjs.org/nth-check/-/nth-check-2.1.1.tgz. Extracting by manifest.
298 silly tarball no local data for parse5-htmlparser2-tree-adapter@https://registry.npmjs.org/parse5-htmlparser2-tree-adapter/-/parse5-htmlparser2-tree-adapter-7.1.0.tgz. Extracting by manifest.
299 silly tarball no local data for encoding-sniffer@https://registry.npmjs.org/encoding-sniffer/-/encoding-sniffer-0.2.1.tgz. Extracting by manifest.
300 silly tarball no local data for domutils@https://registry.npmjs.org/domutils/-/domutils-3.2.2.tgz. Extracting by manifest.
301 silly tarball no local data for htmlparser2@https://registry.npmjs.org/htmlparser2/-/htmlparser2-10.1.0.tgz. Extracting by manifest.
302 silly tarball no local data for parse5@https://registry.npmjs.org/parse5/-/parse5-7.3.0.tgz. Extracting by manifest.
303 silly tarball no local data for domhandler@https://registry.npmjs.org/domhandler/-/domhandler-5.0.3.tgz. Extracting by manifest.
304 silly tarball no local data for @tybys/wasm-util@https://registry.npmjs.org/@tybys/wasm-util/-/wasm-util-0.10.1.tgz. Extracting by manifest.
305 silly tarball no local data for @napi-rs/wasm-runtime@https://registry.npmjs.org/@napi-rs/wasm-runtime/-/wasm-runtime-0.2.12.tgz. Extracting by manifest.
306 silly tarball no local data for dom-serializer@https://registry.npmjs.org/dom-serializer/-/dom-serializer-2.0.0.tgz. Extracting by manifest.
307 silly tarball no local data for cheerio-select@https://registry.npmjs.org/cheerio-select/-/cheerio-select-2.1.0.tgz. Extracting by manifest.
308 silly tarball no local data for cheerio@https://registry.npmjs.org/cheerio/-/cheerio-1.2.0.tgz. Extracting by manifest.
309 silly tarball no local data for @emnapi/wasi-threads@https://registry.npmjs.org/@emnapi/wasi-threads/-/wasi-threads-1.1.0.tgz. Extracting by manifest.
310 silly tarball no local data for entities@https://registry.npmjs.org/entities/-/entities-7.0.1.tgz. Extracting by manifest.
311 silly tarball no local data for @emnapi/core@https://registry.npmjs.org/@emnapi/core/-/core-1.8.1.tgz. Extracting by manifest.
312 silly tarball no local data for entities@https://registry.npmjs.org/entities/-/entities-6.0.1.tgz. Extracting by manifest.
313 http fetch GET 200 https://registry.npmjs.org/boolbase/-/boolbase-1.0.0.tgz 62ms (cache miss)
314 http fetch GET 200 https://registry.npmjs.org/whatwg-encoding/-/whatwg-encoding-3.1.1.tgz 65ms (cache miss)
315 warn deprecated whatwg-encoding@3.1.1: Use @exodus/bytes instead for a more spec-conformant and faster implementation
316 http fetch GET 200 https://registry.npmjs.org/parse5-parser-stream/-/parse5-parser-stream-7.1.2.tgz 70ms (cache miss)
317 http fetch GET 200 https://registry.npmjs.org/safer-buffer/-/safer-buffer-2.1.2.tgz 71ms (cache miss)
318 http fetch GET 200 https://registry.npmjs.org/whatwg-mimetype/-/whatwg-mimetype-4.0.0.tgz 77ms (cache miss)
319 http fetch GET 200 https://registry.npmjs.org/domelementtype/-/domelementtype-2.3.0.tgz 78ms (cache miss)
320 http fetch GET 200 https://registry.npmjs.org/nth-check/-/nth-check-2.1.1.tgz 121ms (cache miss)
321 http fetch GET 200 https://registry.npmjs.org/css-what/-/css-what-6.2.2.tgz 133ms (cache miss)
322 http fetch GET 200 https://registry.npmjs.org/parse5-htmlparser2-tree-adapter/-/parse5-htmlparser2-tree-adapter-7.1.0.tgz 137ms (cache miss)
323 http fetch GET 200 https://registry.npmjs.org/domhandler/-/domhandler-5.0.3.tgz 141ms (cache miss)
324 http fetch GET 200 https://registry.npmjs.org/dom-serializer/-/dom-serializer-2.0.0.tgz 149ms (cache miss)
325 http fetch GET 200 https://registry.npmjs.org/iconv-lite/-/iconv-lite-0.6.3.tgz 163ms (cache miss)
326 http fetch GET 200 https://registry.npmjs.org/@emnapi/wasi-threads/-/wasi-threads-1.1.0.tgz 170ms (cache miss)
327 http fetch GET 200 https://registry.npmjs.org/encoding-sniffer/-/encoding-sniffer-0.2.1.tgz 186ms (cache miss)
328 http fetch GET 200 https://registry.npmjs.org/cheerio-select/-/cheerio-select-2.1.0.tgz 186ms (cache miss)
329 http fetch GET 200 https://registry.npmjs.org/htmlparser2/-/htmlparser2-10.1.0.tgz 205ms (cache miss)
330 http fetch GET 200 https://registry.npmjs.org/@emnapi/core/-/core-1.8.1.tgz 240ms (cache miss)
331 http fetch GET 200 https://registry.npmjs.org/entities/-/entities-4.5.0.tgz 242ms (cache miss)
332 http fetch GET 200 https://registry.npmjs.org/domutils/-/domutils-3.2.2.tgz 245ms (cache miss)
333 http fetch GET 200 https://registry.npmjs.org/@tybys/wasm-util/-/wasm-util-0.10.1.tgz 251ms (cache miss)
334 http fetch GET 200 https://registry.npmjs.org/parse5/-/parse5-7.3.0.tgz 282ms (cache miss)
335 http fetch GET 200 https://registry.npmjs.org/css-select/-/css-select-5.2.2.tgz 295ms (cache miss)
336 http fetch GET 200 https://registry.npmjs.org/@napi-rs/wasm-runtime/-/wasm-runtime-0.2.12.tgz 310ms (cache miss)
337 http fetch GET 200 https://registry.npmjs.org/entities/-/entities-6.0.1.tgz 315ms (cache miss)
338 http fetch GET 200 https://registry.npmjs.org/entities/-/entities-7.0.1.tgz 371ms (cache miss)
339 http fetch GET 200 https://registry.npmjs.org/cheerio/-/cheerio-1.2.0.tgz 463ms (cache miss)
340 http fetch GET 200 https://registry.npmjs.org/undici/-/undici-7.22.0.tgz 510ms (cache miss)
341 http fetch POST 200 https://registry.npmjs.org/-/npm/v1/security/advisories/bulk 592ms
342 silly audit report {}
343 silly ADD node_modules/safer-buffer
344 silly ADD node_modules/whatwg-encoding
345 silly ADD node_modules/iconv-lite
346 silly ADD node_modules/entities
347 silly ADD node_modules/nth-check
348 silly ADD node_modules/domelementtype
349 silly ADD node_modules/css-what
350 silly ADD node_modules/css-select
351 silly ADD node_modules/boolbase
352 silly ADD node_modules/whatwg-mimetype
353 silly ADD node_modules/undici
354 silly ADD node_modules/parse5-parser-stream
355 silly ADD node_modules/parse5-htmlparser2-tree-adapter
356 silly ADD node_modules/parse5
357 silly ADD node_modules/parse5/node_modules/entities
358 silly ADD node_modules/htmlparser2
359 silly ADD node_modules/htmlparser2/node_modules/entities
360 silly ADD node_modules/encoding-sniffer
361 silly ADD node_modules/domutils
362 silly ADD node_modules/domhandler
363 silly ADD node_modules/dom-serializer
364 silly ADD node_modules/cheerio-select
365 silly ADD node_modules/cheerio
366 silly ADD
367 silly ADD
368 silly ADD
369 silly ADD
370 silly ADD
371 silly ADD
372 silly ADD
373 silly ADD
374 silly ADD
375 silly ADD
376 silly ADD
377 silly ADD
378 silly ADD
379 silly ADD
380 silly ADD
381 silly ADD
382 silly ADD
383 silly ADD
384 silly ADD
385 silly ADD
386 silly ADD
387 silly ADD
388 silly ADD
389 silly ADD
390 silly ADD
391 silly ADD
392 silly ADD
393 silly ADD
394 silly ADD
395 silly ADD
396 silly ADD
397 silly ADD
398 silly ADD
399 silly ADD
400 silly ADD
401 silly ADD
402 silly ADD
403 silly ADD
404 silly ADD
405 silly ADD
406 silly ADD
407 silly ADD
408 silly ADD
409 silly ADD
410 silly ADD
411 silly ADD
412 silly ADD
413 silly ADD
414 silly ADD
415 silly ADD
416 silly ADD
417 silly ADD
418 verbose cwd C:\Users\user\Documents\Project\yosobase
419 verbose os Windows_NT 10.0.26200
420 verbose node v22.17.0
421 verbose npm  v10.9.2
422 verbose exit 0
423 info ok
