0 verbose cli C:\Program Files\nodejs\node.exe C:\Program Files\nodejs\node_modules\npm\bin\npm-cli.js
1 info using npm@10.9.2
2 info using node@v22.17.0
3 silly config load:file:C:\Program Files\nodejs\node_modules\npm\npmrc
4 silly config load:file:C:\Users\user\Documents\Project\yosobase\.npmrc
5 silly config load:file:C:\Users\user\.npmrc
6 silly config load:file:C:\Users\user\AppData\Roaming\npm\etc\npmrc
7 verbose title npm install
8 verbose argv "install" "--no-audit" "--no-fund" "--cache" ".npm-cache"
9 verbose logfile logs-max:10 dir:C:\Users\user\Documents\Project\yosobase\.npm-cache\_logs\2026-02-27T08_07_10_685Z-
10 verbose logfile C:\Users\user\Documents\Project\yosobase\.npm-cache\_logs\2026-02-27T08_07_10_685Z-debug-0.log
11 silly logfile done cleaning log files
12 silly packumentCache heap:4345298944 maxSize:1086324736 maxEntrySize:543162368
13 silly idealTree buildDeps
14 silly fetch manifest @supabase/supabase-js@^2.57.4
15 silly packumentCache full:https://registry.npmjs.org/@supabase%2fsupabase-js cache-miss
16 http fetch GET https://registry.npmjs.org/npm attempt 1 failed with EACCES
17 http fetch GET https://registry.npmjs.org/@supabase%2fsupabase-js attempt 1 failed with EACCES
18 http fetch GET https://registry.npmjs.org/npm attempt 2 failed with EACCES
19 http fetch GET https://registry.npmjs.org/@supabase%2fsupabase-js attempt 2 failed with EACCES
20 http fetch GET https://registry.npmjs.org/npm attempt 3 failed with EACCES
21 http fetch GET https://registry.npmjs.org/@supabase%2fsupabase-js attempt 3 failed with EACCES
22 silly fetch manifest next@^15.0.0
23 silly packumentCache full:https://registry.npmjs.org/next cache-miss
24 http fetch GET https://registry.npmjs.org/next attempt 1 failed with EACCES
25 http fetch GET https://registry.npmjs.org/next attempt 2 failed with EACCES
26 http fetch GET https://registry.npmjs.org/next attempt 3 failed with EACCES
27 silly fetch manifest react@^19.0.0
28 silly packumentCache full:https://registry.npmjs.org/react cache-miss
29 http fetch GET https://registry.npmjs.org/react attempt 1 failed with EACCES
30 http fetch GET https://registry.npmjs.org/react attempt 2 failed with EACCES
31 http fetch GET https://registry.npmjs.org/react attempt 3 failed with EACCES
32 silly fetch manifest react-dom@^19.0.0
33 silly packumentCache full:https://registry.npmjs.org/react-dom cache-miss
34 http fetch GET https://registry.npmjs.org/react-dom attempt 1 failed with EACCES
35 http fetch GET https://registry.npmjs.org/react-dom attempt 2 failed with EACCES
36 http fetch GET https://registry.npmjs.org/react-dom attempt 3 failed with EACCES
37 silly fetch manifest @types/node@^22.10.1
38 silly packumentCache full:https://registry.npmjs.org/@types%2fnode cache-miss
39 http fetch GET https://registry.npmjs.org/@types%2fnode attempt 1 failed with EACCES
40 http fetch GET https://registry.npmjs.org/@types%2fnode attempt 2 failed with EACCES
41 http fetch GET https://registry.npmjs.org/@types%2fnode attempt 3 failed with EACCES
42 silly fetch manifest @types/react@^19.0.2
43 silly packumentCache full:https://registry.npmjs.org/@types%2freact cache-miss
44 http fetch GET https://registry.npmjs.org/@types%2freact attempt 1 failed with EACCES
45 http fetch GET https://registry.npmjs.org/@types%2freact attempt 2 failed with EACCES
46 http fetch GET https://registry.npmjs.org/@types%2freact attempt 3 failed with EACCES
47 silly fetch manifest @types/react-dom@^19.0.2
48 silly packumentCache full:https://registry.npmjs.org/@types%2freact-dom cache-miss
49 http fetch GET https://registry.npmjs.org/@types%2freact-dom attempt 1 failed with EACCES
50 http fetch GET https://registry.npmjs.org/@types%2freact-dom attempt 2 failed with EACCES
51 http fetch GET https://registry.npmjs.org/@types%2freact-dom attempt 3 failed with EACCES
52 silly fetch manifest eslint@^9.16.0
53 silly packumentCache full:https://registry.npmjs.org/eslint cache-miss
54 http fetch GET https://registry.npmjs.org/eslint attempt 1 failed with EACCES
55 http fetch GET https://registry.npmjs.org/eslint attempt 2 failed with EACCES
56 http fetch GET https://registry.npmjs.org/eslint attempt 3 failed with EACCES
57 silly fetch manifest eslint-config-next@^15.0.0
58 silly packumentCache full:https://registry.npmjs.org/eslint-config-next cache-miss
59 http fetch GET https://registry.npmjs.org/eslint-config-next attempt 1 failed with EACCES
60 http fetch GET https://registry.npmjs.org/eslint-config-next attempt 2 failed with EACCES
61 http fetch GET https://registry.npmjs.org/eslint-config-next attempt 3 failed with EACCES
62 silly fetch manifest typescript@^5.7.2
63 silly packumentCache full:https://registry.npmjs.org/typescript cache-miss
64 http fetch GET https://registry.npmjs.org/typescript attempt 1 failed with EACCES
65 http fetch GET https://registry.npmjs.org/typescript attempt 2 failed with EACCES
66 http fetch GET https://registry.npmjs.org/typescript attempt 3 failed with EACCES
67 silly placeDep ROOT @supabase/supabase-js@ OK for: yosobase@0.1.0 want: ^2.57.4
68 silly placeDep ROOT @types/node@ OK for: yosobase@0.1.0 want: ^22.10.1
69 silly placeDep ROOT @types/react@ OK for: yosobase@0.1.0 want: ^19.0.2
70 silly placeDep ROOT @types/react-dom@ OK for: yosobase@0.1.0 want: ^19.0.2
71 silly placeDep ROOT eslint@ OK for: yosobase@0.1.0 want: ^9.16.0
72 silly placeDep ROOT eslint-config-next@ OK for: yosobase@0.1.0 want: ^15.0.0
73 silly placeDep ROOT next@ OK for: yosobase@0.1.0 want: ^15.0.0
74 silly placeDep ROOT react@ OK for: yosobase@0.1.0 want: ^19.0.0
75 silly placeDep ROOT react-dom@ OK for: yosobase@0.1.0 want: ^19.0.0
76 silly placeDep ROOT typescript@ OK for: yosobase@0.1.0 want: ^5.7.2
77 verbose type system
78 verbose stack FetchError: request to https://registry.npmjs.org/@supabase%2fsupabase-js failed, reason: 
78 verbose stack     at ClientRequest.<anonymous> (C:\Program Files\nodejs\node_modules\npm\node_modules\minipass-fetch\lib\index.js:130:14)
78 verbose stack     at ClientRequest.emit (node:events:518:28)
78 verbose stack     at emitErrorEvent (node:_http_client:104:11)
78 verbose stack     at _destroy (node:_http_client:898:9)
78 verbose stack     at onSocketNT (node:_http_client:918:5)
78 verbose stack     at process.processTicksAndRejections (node:internal/process/task_queues:91:21)
79 error code EACCES
80 error errno EACCES
81 error FetchError: request to https://registry.npmjs.org/@supabase%2fsupabase-js failed, reason: 
81 error     at ClientRequest.<anonymous> (C:\Program Files\nodejs\node_modules\npm\node_modules\minipass-fetch\lib\index.js:130:14)
81 error     at ClientRequest.emit (node:events:518:28)
81 error     at emitErrorEvent (node:_http_client:104:11)
81 error     at _destroy (node:_http_client:898:9)
81 error     at onSocketNT (node:_http_client:918:5)
81 error     at process.processTicksAndRejections (node:internal/process/task_queues:91:21) {
81 error   code: 'EACCES',
81 error   errno: 'EACCES',
81 error   type: 'system',
81 error   requiredBy: '.'
81 error }
82 error
82 error The operation was rejected by your operating system.
82 error It's possible that the file was already in use (by a text editor or antivirus),
82 error or that you lack permissions to access it.
82 error
82 error If you believe this might be a permissions issue, please double-check the
82 error permissions of the file and its containing directories, or try running
82 error the command again as root/Administrator.
83 silly unfinished npm timer reify 1772179630892
84 silly unfinished npm timer reify:loadTrees 1772179630893
85 verbose cwd C:\Users\user\Documents\Project\yosobase
86 verbose os Windows_NT 10.0.26200
87 verbose node v22.17.0
88 verbose npm  v10.9.2
89 verbose exit 1
90 verbose code 1
91 error A complete log of this run can be found in: C:\Users\user\Documents\Project\yosobase\.npm-cache\_logs\2026-02-27T08_07_10_685Z-debug-0.log
